<?xml version="1.0" encoding="UTF-8"?>
<testng-results skipped="0" failed="0" ignored="0" total="2" passed="2">
  <reporter-output>
  </reporter-output>
  <suite name="Suite" duration-ms="124" started-at="2018-10-28T13:36:53Z" finished-at="2018-10-28T13:36:53Z">
    <groups>
    </groups>
    <test name="Test" duration-ms="124" started-at="2018-10-28T13:36:53Z" finished-at="2018-10-28T13:36:53Z">
      <class name="com.test.two.NewTest">
        <test-method status="PASS" signature="beforeClass()[pri:0, instance:com.test.two.NewTest@23ceabc1]" name="beforeClass" is-config="true" duration-ms="35" started-at="2018-10-28T21:36:53Z" finished-at="2018-10-28T21:36:53Z">
          <reporter-output>
          </reporter-output>
        </test-method> <!-- beforeClass -->
        <test-method status="PASS" signature="test_001()[pri:0, instance:com.test.two.NewTest@23ceabc1]" name="test_001" duration-ms="2" started-at="2018-10-28T21:36:53Z" finished-at="2018-10-28T21:36:53Z">
          <reporter-output>
          </reporter-output>
        </test-method> <!-- test_001 -->
        <test-method status="PASS" signature="test_002()[pri:0, instance:com.test.two.NewTest@23ceabc1]" name="test_002" duration-ms="2" started-at="2018-10-28T21:36:53Z" finished-at="2018-10-28T21:36:53Z">
          <reporter-output>
          </reporter-output>
        </test-method> <!-- test_002 -->
        <test-method status="PASS" signature="afterClass()[pri:0, instance:com.test.two.NewTest@23ceabc1]" name="afterClass" is-config="true" duration-ms="1" started-at="2018-10-28T21:36:53Z" finished-at="2018-10-28T21:36:53Z">
          <reporter-output>
          </reporter-output>
        </test-method> <!-- afterClass -->
      </class> <!-- com.test.two.NewTest -->
    </test> <!-- Test -->
  </suite> <!-- Suite -->
</testng-results>
