<?xml version="1.0" encoding="UTF-8"?>
<testsuite xmlns:xsi="http://www.w3.org/2001/XMLSchema-instance" xsi:noNamespaceSchemaLocation="https://maven.apache.org/surefire/maven-surefire-plugin/xsd/surefire-test-report.xsd" name="TestSuite" time="3.353" tests="5" errors="0" skipped="0" failures="0">
  <properties>
[...]
</properties>
  <testcase name="test_001" classname="com.test.two.NewTest" time="0.016"/>
  <testcase name="test_002" classname="com.test.two.NewTest" time="0"/>
  <testcase name="test_003" classname="com.test.two.NewTest" time="0"/>
  <testcase name="test_004" classname="com.test.two.NewTest" time="0.001"/>
  <testcase name="test_005" classname="com.test.two.NewTest" time="0"/>
</testsuite>