<?xml version="1.0" encoding="UTF-8"?>
<testsuite name="Test"
           tests="5"
           failures="0"
           errors="0"
           skipped="0"
           time="0.027">
  <properties />
  
  
            <testcase name="test_001" time="0.025" classname="com.test.two.NewTest" />
                <testcase name="test_003" time="0.000" classname="com.test.two.NewTest" />
                <testcase name="test_005" time="0.000" classname="com.test.two.NewTest" />
                <testcase name="test_004" time="0.001" classname="com.test.two.NewTest" />
                <testcase name="test_002" time="0.001" classname="com.test.two.NewTest" />
      
</testsuite>
